<?xml version="1.0" encoding="UTF-8"?>
<testsuite xmlns:xsi="http://www.w3.org/2001/XMLSchema-instance" xsi:noNamespaceSchemaLocation="https://maven.apache.org/surefire/maven-surefire-plugin/xsd/surefire-test-report.xsd" name="wishlist.TestWishListMgr" time="22.112" tests="5" errors="0" skipped="0" failures="0">
  <properties>
    <property name="gopherProxySet" value="false"/>
    <property name="awt.toolkit" value="sun.lwawt.macosx.LWCToolkit"/>
    <property name="file.encoding.pkg" value="sun.io"/>
    <property name="java.specification.version" value="1.8"/>
    <property name="sun.cpu.isalist" value=""/>
    <property name="sun.jnu.encoding" value="UTF-8"/>
    <property name="java.class.path" value="/Users/yaminia/TravelWishlist/target/test-classes:/Users/yaminia/TravelWishlist/target/classes:/Users/yaminia/.m2/repository/org/testng/testng/6.11/testng-6.11.jar:/Users/yaminia/.m2/repository/com/beust/jcommander/1.64/jcommander-1.64.jar:/Users/yaminia/.m2/repository/org/yaml/snakeyaml/1.17/snakeyaml-1.17.jar:/Users/yaminia/.m2/repository/com/amazonaws/aws-java-sdk/1.11.106/aws-java-sdk-1.11.106.jar:/Users/yaminia/.m2/repository/com/amazonaws/aws-java-sdk-pinpoint/1.11.106/aws-java-sdk-pinpoint-1.11.106.jar:/Users/yaminia/.m2/repository/com/amazonaws/jmespath-java/1.11.106/jmespath-java-1.11.106.jar:/Users/yaminia/.m2/repository/com/amazonaws/aws-java-sdk-xray/1.11.106/aws-java-sdk-xray-1.11.106.jar:/Users/yaminia/.m2/repository/com/amazonaws/aws-java-sdk-opsworkscm/1.11.106/aws-java-sdk-opsworkscm-1.11.106.jar:/Users/yaminia/.m2/repository/com/amazonaws/aws-java-sdk-support/1.11.106/aws-java-sdk-support-1.11.106.jar:/Users/yaminia/.m2/repository/com/amazonaws/aws-java-sdk-simpledb/1.11.106/aws-java-sdk-simpledb-1.11.106.jar:/Users/yaminia/.m2/repository/com/amazonaws/aws-java-sdk-servicecatalog/1.11.106/aws-java-sdk-servicecatalog-1.11.106.jar:/Users/yaminia/.m2/repository/com/amazonaws/aws-java-sdk-servermigration/1.11.106/aws-java-sdk-servermigration-1.11.106.jar:/Users/yaminia/.m2/repository/com/amazonaws/aws-java-sdk-simpleworkflow/1.11.106/aws-java-sdk-simpleworkflow-1.11.106.jar:/Users/yaminia/.m2/repository/com/amazonaws/aws-java-sdk-storagegateway/1.11.106/aws-java-sdk-storagegateway-1.11.106.jar:/Users/yaminia/.m2/repository/com/amazonaws/aws-java-sdk-route53/1.11.106/aws-java-sdk-route53-1.11.106.jar:/Users/yaminia/.m2/repository/com/amazonaws/aws-java-sdk-s3/1.11.106/aws-java-sdk-s3-1.11.106.jar:/Users/yaminia/.m2/repository/com/amazonaws/aws-java-sdk-importexport/1.11.106/aws-java-sdk-importexport-1.11.106.jar:/Users/yaminia/.m2/repository/com/amazonaws/aws-java-sdk-sts/1.11.106/aws-java-sdk-sts-1.11.106.jar:/Users/yaminia/.m2/repository/com/amazonaws/aws-java-sdk-sqs/1.11.106/aws-java-sdk-sqs-1.11.106.jar:/Users/yaminia/.m2/repository/com/amazonaws/aws-java-sdk-rds/1.11.106/aws-java-sdk-rds-1.11.106.jar:/Users/yaminia/.m2/repository/com/amazonaws/aws-java-sdk-redshift/1.11.106/aws-java-sdk-redshift-1.11.106.jar:/Users/yaminia/.m2/repository/com/amazonaws/aws-java-sdk-elasticbeanstalk/1.11.106/aws-java-sdk-elasticbeanstalk-1.11.106.jar:/Users/yaminia/.m2/repository/com/amazonaws/aws-java-sdk-glacier/1.11.106/aws-java-sdk-glacier-1.11.106.jar:/Users/yaminia/.m2/repository/com/amazonaws/aws-java-sdk-iam/1.11.106/aws-java-sdk-iam-1.11.106.jar:/Users/yaminia/.m2/repository/com/amazonaws/aws-java-sdk-datapipeline/1.11.106/aws-java-sdk-datapipeline-1.11.106.jar:/Users/yaminia/.m2/repository/com/amazonaws/aws-java-sdk-elasticloadbalancing/1.11.106/aws-java-sdk-elasticloadbalancing-1.11.106.jar:/Users/yaminia/.m2/repository/com/amazonaws/aws-java-sdk-elasticloadbalancingv2/1.11.106/aws-java-sdk-elasticloadbalancingv2-1.11.106.jar:/Users/yaminia/.m2/repository/com/amazonaws/aws-java-sdk-emr/1.11.106/aws-java-sdk-emr-1.11.106.jar:/Users/yaminia/.m2/repository/com/amazonaws/aws-java-sdk-elasticache/1.11.106/aws-java-sdk-elasticache-1.11.106.jar:/Users/yaminia/.m2/repository/com/amazonaws/aws-java-sdk-elastictranscoder/1.11.106/aws-java-sdk-elastictranscoder-1.11.106.jar:/Users/yaminia/.m2/repository/com/amazonaws/aws-java-sdk-ec2/1.11.106/aws-java-sdk-ec2-1.11.106.jar:/Users/yaminia/.m2/repository/com/amazonaws/aws-java-sdk-dynamodb/1.11.106/aws-java-sdk-dynamodb-1.11.106.jar:/Users/yaminia/.m2/repository/com/amazonaws/aws-java-sdk-sns/1.11.106/aws-java-sdk-sns-1.11.106.jar:/Users/yaminia/.m2/repository/com/amazonaws/aws-java-sdk-budgets/1.11.106/aws-java-sdk-budgets-1.11.106.jar:/Users/yaminia/.m2/repository/com/amazonaws/aws-java-sdk-cloudtrail/1.11.106/aws-java-sdk-cloudtrail-1.11.106.jar:/Users/yaminia/.m2/repository/com/amazonaws/aws-java-sdk-cloudwatch/1.11.106/aws-java-sdk-cloudwatch-1.11.106.jar:/Users/yaminia/.m2/repository/com/amazonaws/aws-java-sdk-logs/1.11.106/aws-java-sdk-logs-1.11.106.jar:/Users/yaminia/.m2/repository/com/amazonaws/aws-java-sdk-events/1.11.106/aws-java-sdk-events-1.11.106.jar:/Users/yaminia/.m2/repository/com/amazonaws/aws-java-sdk-cognitoidentity/1.11.106/aws-java-sdk-cognitoidentity-1.11.106.jar:/Users/yaminia/.m2/repository/com/amazonaws/aws-java-sdk-cognitosync/1.11.106/aws-java-sdk-cognitosync-1.11.106.jar:/Users/yaminia/.m2/repository/com/amazonaws/aws-java-sdk-directconnect/1.11.106/aws-java-sdk-directconnect-1.11.106.jar:/Users/yaminia/.m2/repository/com/amazonaws/aws-java-sdk-cloudformation/1.11.106/aws-java-sdk-cloudformation-1.11.106.jar:/Users/yaminia/.m2/repository/com/amazonaws/aws-java-sdk-cloudfront/1.11.106/aws-java-sdk-cloudfront-1.11.106.jar:/Users/yaminia/.m2/repository/com/amazonaws/aws-java-sdk-clouddirectory/1.11.106/aws-java-sdk-clouddirectory-1.11.106.jar:/Users/yaminia/.m2/repository/com/amazonaws/aws-java-sdk-kinesis/1.11.106/aws-java-sdk-kinesis-1.11.106.jar:/Users/yaminia/.m2/repository/com/amazonaws/aws-java-sdk-opsworks/1.11.106/aws-java-sdk-opsworks-1.11.106.jar:/Users/yaminia/.m2/repository/com/amazonaws/aws-java-sdk-ses/1.11.106/aws-java-sdk-ses-1.11.106.jar:/Users/yaminia/.m2/repository/com/amazonaws/aws-java-sdk-autoscaling/1.11.106/aws-java-sdk-autoscaling-1.11.106.jar:/Users/yaminia/.m2/repository/com/amazonaws/aws-java-sdk-cloudsearch/1.11.106/aws-java-sdk-cloudsearch-1.11.106.jar:/Users/yaminia/.m2/repository/com/amazonaws/aws-java-sdk-cloudwatchmetrics/1.11.106/aws-java-sdk-cloudwatchmetrics-1.11.106.jar:/Users/yaminia/.m2/repository/com/amazonaws/aws-java-sdk-codedeploy/1.11.106/aws-java-sdk-codedeploy-1.11.106.jar:/Users/yaminia/.m2/repository/com/amazonaws/aws-java-sdk-codepipeline/1.11.106/aws-java-sdk-codepipeline-1.11.106.jar:/Users/yaminia/.m2/repository/com/amazonaws/aws-java-sdk-kms/1.11.106/aws-java-sdk-kms-1.11.106.jar:/Users/yaminia/.m2/repository/com/amazonaws/aws-java-sdk-config/1.11.106/aws-java-sdk-config-1.11.106.jar:/Users/yaminia/.m2/repository/com/amazonaws/aws-java-sdk-lambda/1.11.106/aws-java-sdk-lambda-1.11.106.jar:/Users/yaminia/.m2/repository/com/amazonaws/aws-java-sdk-ecs/1.11.106/aws-java-sdk-ecs-1.11.106.jar:/Users/yaminia/.m2/repository/com/amazonaws/aws-java-sdk-ecr/1.11.106/aws-java-sdk-ecr-1.11.106.jar:/Users/yaminia/.m2/repository/com/amazonaws/aws-java-sdk-cloudhsm/1.11.106/aws-java-sdk-cloudhsm-1.11.106.jar:/Users/yaminia/.m2/repository/com/amazonaws/aws-java-sdk-ssm/1.11.106/aws-java-sdk-ssm-1.11.106.jar:/Users/yaminia/.m2/repository/com/amazonaws/aws-java-sdk-workspaces/1.11.106/aws-java-sdk-workspaces-1.11.106.jar:/Users/yaminia/.m2/repository/com/amazonaws/aws-java-sdk-machinelearning/1.11.106/aws-java-sdk-machinelearning-1.11.106.jar:/Users/yaminia/.m2/repository/com/amazonaws/aws-java-sdk-directory/1.11.106/aws-java-sdk-directory-1.11.106.jar:/Users/yaminia/.m2/repository/com/amazonaws/aws-java-sdk-efs/1.11.106/aws-java-sdk-efs-1.11.106.jar:/Users/yaminia/.m2/repository/com/amazonaws/aws-java-sdk-codecommit/1.11.106/aws-java-sdk-codecommit-1.11.106.jar:/Users/yaminia/.m2/repository/com/amazonaws/aws-java-sdk-devicefarm/1.11.106/aws-java-sdk-devicefarm-1.11.106.jar:/Users/yaminia/.m2/repository/com/amazonaws/aws-java-sdk-elasticsearch/1.11.106/aws-java-sdk-elasticsearch-1.11.106.jar:/Users/yaminia/.m2/repository/com/amazonaws/aws-java-sdk-waf/1.11.106/aws-java-sdk-waf-1.11.106.jar:/Users/yaminia/.m2/repository/com/amazonaws/aws-java-sdk-marketplacecommerceanalytics/1.11.106/aws-java-sdk-marketplacecommerceanalytics-1.11.106.jar:/Users/yaminia/.m2/repository/com/amazonaws/aws-java-sdk-inspector/1.11.106/aws-java-sdk-inspector-1.11.106.jar:/Users/yaminia/.m2/repository/com/amazonaws/aws-java-sdk-iot/1.11.106/aws-java-sdk-iot-1.11.106.jar:/Users/yaminia/.m2/repository/com/amazonaws/aws-java-sdk-api-gateway/1.11.106/aws-java-sdk-api-gateway-1.11.106.jar:/Users/yaminia/.m2/repository/com/amazonaws/aws-java-sdk-acm/1.11.106/aws-java-sdk-acm-1.11.106.jar:/Users/yaminia/.m2/repository/com/amazonaws/aws-java-sdk-gamelift/1.11.106/aws-java-sdk-gamelift-1.11.106.jar:/Users/yaminia/.m2/repository/com/amazonaws/aws-java-sdk-dms/1.11.106/aws-java-sdk-dms-1.11.106.jar:/Users/yaminia/.m2/repository/com/amazonaws/aws-java-sdk-marketplacemeteringservice/1.11.106/aws-java-sdk-marketplacemeteringservice-1.11.106.jar:/Users/yaminia/.m2/repository/com/amazonaws/aws-java-sdk-cognitoidp/1.11.106/aws-java-sdk-cognitoidp-1.11.106.jar:/Users/yaminia/.m2/repository/com/amazonaws/aws-java-sdk-discovery/1.11.106/aws-java-sdk-discovery-1.11.106.jar:/Users/yaminia/.m2/repository/com/amazonaws/aws-java-sdk-applicationautoscaling/1.11.106/aws-java-sdk-applicationautoscaling-1.11.106.jar:/Users/yaminia/.m2/repository/com/amazonaws/aws-java-sdk-snowball/1.11.106/aws-java-sdk-snowball-1.11.106.jar:/Users/yaminia/.m2/repository/com/amazonaws/aws-java-sdk-rekognition/1.11.106/aws-java-sdk-rekognition-1.11.106.jar:/Users/yaminia/.m2/repository/com/amazonaws/aws-java-sdk-polly/1.11.106/aws-java-sdk-polly-1.11.106.jar:/Users/yaminia/.m2/repository/com/amazonaws/aws-java-sdk-lightsail/1.11.106/aws-java-sdk-lightsail-1.11.106.jar:/Users/yaminia/.m2/repository/com/amazonaws/aws-java-sdk-stepfunctions/1.11.106/aws-java-sdk-stepfunctions-1.11.106.jar:/Users/yaminia/.m2/repository/com/jayway/jsonpath/json-path/2.2.0/json-path-2.2.0.jar:/Users/yaminia/.m2/repository/org/slf4j/slf4j-api/1.7.16/slf4j-api-1.7.16.jar:/Users/yaminia/.m2/repository/com/amazonaws/aws-java-sdk-health/1.11.106/aws-java-sdk-health-1.11.106.jar:/Users/yaminia/.m2/repository/com/amazonaws/aws-java-sdk-costandusagereport/1.11.106/aws-java-sdk-costandusagereport-1.11.106.jar:/Users/yaminia/.m2/repository/com/amazonaws/aws-java-sdk-codebuild/1.11.106/aws-java-sdk-codebuild-1.11.106.jar:/Users/yaminia/.m2/repository/com/amazonaws/aws-java-sdk-appstream/1.11.106/aws-java-sdk-appstream-1.11.106.jar:/Users/yaminia/.m2/repository/com/amazonaws/aws-java-sdk-shield/1.11.106/aws-java-sdk-shield-1.11.106.jar:/Users/yaminia/.m2/repository/com/amazonaws/aws-java-sdk-batch/1.11.106/aws-java-sdk-batch-1.11.106.jar:/Users/yaminia/.m2/repository/com/amazonaws/aws-java-sdk-lex/1.11.106/aws-java-sdk-lex-1.11.106.jar:/Users/yaminia/.m2/repository/com/amazonaws/aws-java-sdk-mechanicalturkrequester/1.11.106/aws-java-sdk-mechanicalturkrequester-1.11.106.jar:/Users/yaminia/.m2/repository/com/amazonaws/aws-java-sdk-organizations/1.11.106/aws-java-sdk-organizations-1.11.106.jar:/Users/yaminia/.m2/repository/com/amazonaws/aws-java-sdk-workdocs/1.11.106/aws-java-sdk-workdocs-1.11.106.jar:/Users/yaminia/.m2/repository/com/amazonaws/aws-java-sdk-core/1.11.106/aws-java-sdk-core-1.11.106.jar:/Users/yaminia/.m2/repository/commons-logging/commons-logging/1.1.3/commons-logging-1.1.3.jar:/Users/yaminia/.m2/repository/org/apache/httpcomponents/httpclient/4.5.2/httpclient-4.5.2.jar:/Users/yaminia/.m2/repository/org/apache/httpcomponents/httpcore/4.4.4/httpcore-4.4.4.jar:/Users/yaminia/.m2/repository/commons-codec/commons-codec/1.9/commons-codec-1.9.jar:/Users/yaminia/.m2/repository/software/amazon/ion/ion-java/1.0.2/ion-java-1.0.2.jar:/Users/yaminia/.m2/repository/com/fasterxml/jackson/core/jackson-databind/2.6.6/jackson-databind-2.6.6.jar:/Users/yaminia/.m2/repository/com/fasterxml/jackson/core/jackson-annotations/2.6.0/jackson-annotations-2.6.0.jar:/Users/yaminia/.m2/repository/com/fasterxml/jackson/core/jackson-core/2.6.6/jackson-core-2.6.6.jar:/Users/yaminia/.m2/repository/com/fasterxml/jackson/dataformat/jackson-dataformat-cbor/2.6.6/jackson-dataformat-cbor-2.6.6.jar:/Users/yaminia/.m2/repository/joda-time/joda-time/2.8.1/joda-time-2.8.1.jar:/Users/yaminia/.m2/repository/com/amazonaws/aws-java-sdk-models/1.11.106/aws-java-sdk-models-1.11.106.jar:/Users/yaminia/.m2/repository/com/amazonaws/aws-java-sdk-swf-libraries/1.11.22/aws-java-sdk-swf-libraries-1.11.22.jar:/Users/yaminia/.m2/repository/org/projectlombok/lombok/1.16.16/lombok-1.16.16.jar:/Users/yaminia/.m2/repository/org/apache/commons/commons-text/1.1/commons-text-1.1.jar:/Users/yaminia/.m2/repository/org/apache/commons/commons-lang3/3.5/commons-lang3-3.5.jar:/Users/yaminia/.m2/repository/javax/mail/mail/1.4/mail-1.4.jar:/Users/yaminia/.m2/repository/javax/activation/activation/1.1/activation-1.1.jar:/Users/yaminia/.m2/repository/org/apache/maven/surefire/surefire-testng-utils/2.20.1/surefire-testng-utils-2.20.1.jar:/Users/yaminia/.m2/repository/org/apache/maven/surefire/surefire-grouper/2.20.1/surefire-grouper-2.20.1.jar:"/>
    <property name="java.vm.vendor" value="Oracle Corporation"/>
    <property name="sun.arch.data.model" value="64"/>
    <property name="java.vendor.url" value="http://java.oracle.com/"/>
    <property name="user.timezone" value=""/>
    <property name="java.vm.specification.version" value="1.8"/>
    <property name="os.name" value="Mac OS X"/>
    <property name="user.country" value="US"/>
    <property name="sun.java.launcher" value="SUN_STANDARD"/>
    <property name="sun.boot.library.path" value="/Library/Java/JavaVirtualMachines/jdk1.8.0_152.jdk/Contents/Home/jre/lib"/>
    <property name="sun.java.command" value="/Users/yaminia/TravelWishlist/target/surefire/surefirebooter6461981410210827185.jar /Users/yaminia/TravelWishlist/target/surefire 2017-11-05T15-27-35_576-jvmRun1 surefire6568625966746335255tmp surefire_04828851578226078581tmp"/>
    <property name="test" value="TestWishListMgr"/>
    <property name="surefire.test.class.path" value="/Users/yaminia/TravelWishlist/target/test-classes:/Users/yaminia/TravelWishlist/target/classes:/Users/yaminia/.m2/repository/org/testng/testng/6.11/testng-6.11.jar:/Users/yaminia/.m2/repository/com/beust/jcommander/1.64/jcommander-1.64.jar:/Users/yaminia/.m2/repository/org/yaml/snakeyaml/1.17/snakeyaml-1.17.jar:/Users/yaminia/.m2/repository/com/amazonaws/aws-java-sdk/1.11.106/aws-java-sdk-1.11.106.jar:/Users/yaminia/.m2/repository/com/amazonaws/aws-java-sdk-pinpoint/1.11.106/aws-java-sdk-pinpoint-1.11.106.jar:/Users/yaminia/.m2/repository/com/amazonaws/jmespath-java/1.11.106/jmespath-java-1.11.106.jar:/Users/yaminia/.m2/repository/com/amazonaws/aws-java-sdk-xray/1.11.106/aws-java-sdk-xray-1.11.106.jar:/Users/yaminia/.m2/repository/com/amazonaws/aws-java-sdk-opsworkscm/1.11.106/aws-java-sdk-opsworkscm-1.11.106.jar:/Users/yaminia/.m2/repository/com/amazonaws/aws-java-sdk-support/1.11.106/aws-java-sdk-support-1.11.106.jar:/Users/yaminia/.m2/repository/com/amazonaws/aws-java-sdk-simpledb/1.11.106/aws-java-sdk-simpledb-1.11.106.jar:/Users/yaminia/.m2/repository/com/amazonaws/aws-java-sdk-servicecatalog/1.11.106/aws-java-sdk-servicecatalog-1.11.106.jar:/Users/yaminia/.m2/repository/com/amazonaws/aws-java-sdk-servermigration/1.11.106/aws-java-sdk-servermigration-1.11.106.jar:/Users/yaminia/.m2/repository/com/amazonaws/aws-java-sdk-simpleworkflow/1.11.106/aws-java-sdk-simpleworkflow-1.11.106.jar:/Users/yaminia/.m2/repository/com/amazonaws/aws-java-sdk-storagegateway/1.11.106/aws-java-sdk-storagegateway-1.11.106.jar:/Users/yaminia/.m2/repository/com/amazonaws/aws-java-sdk-route53/1.11.106/aws-java-sdk-route53-1.11.106.jar:/Users/yaminia/.m2/repository/com/amazonaws/aws-java-sdk-s3/1.11.106/aws-java-sdk-s3-1.11.106.jar:/Users/yaminia/.m2/repository/com/amazonaws/aws-java-sdk-importexport/1.11.106/aws-java-sdk-importexport-1.11.106.jar:/Users/yaminia/.m2/repository/com/amazonaws/aws-java-sdk-sts/1.11.106/aws-java-sdk-sts-1.11.106.jar:/Users/yaminia/.m2/repository/com/amazonaws/aws-java-sdk-sqs/1.11.106/aws-java-sdk-sqs-1.11.106.jar:/Users/yaminia/.m2/repository/com/amazonaws/aws-java-sdk-rds/1.11.106/aws-java-sdk-rds-1.11.106.jar:/Users/yaminia/.m2/repository/com/amazonaws/aws-java-sdk-redshift/1.11.106/aws-java-sdk-redshift-1.11.106.jar:/Users/yaminia/.m2/repository/com/amazonaws/aws-java-sdk-elasticbeanstalk/1.11.106/aws-java-sdk-elasticbeanstalk-1.11.106.jar:/Users/yaminia/.m2/repository/com/amazonaws/aws-java-sdk-glacier/1.11.106/aws-java-sdk-glacier-1.11.106.jar:/Users/yaminia/.m2/repository/com/amazonaws/aws-java-sdk-iam/1.11.106/aws-java-sdk-iam-1.11.106.jar:/Users/yaminia/.m2/repository/com/amazonaws/aws-java-sdk-datapipeline/1.11.106/aws-java-sdk-datapipeline-1.11.106.jar:/Users/yaminia/.m2/repository/com/amazonaws/aws-java-sdk-elasticloadbalancing/1.11.106/aws-java-sdk-elasticloadbalancing-1.11.106.jar:/Users/yaminia/.m2/repository/com/amazonaws/aws-java-sdk-elasticloadbalancingv2/1.11.106/aws-java-sdk-elasticloadbalancingv2-1.11.106.jar:/Users/yaminia/.m2/repository/com/amazonaws/aws-java-sdk-emr/1.11.106/aws-java-sdk-emr-1.11.106.jar:/Users/yaminia/.m2/repository/com/amazonaws/aws-java-sdk-elasticache/1.11.106/aws-java-sdk-elasticache-1.11.106.jar:/Users/yaminia/.m2/repository/com/amazonaws/aws-java-sdk-elastictranscoder/1.11.106/aws-java-sdk-elastictranscoder-1.11.106.jar:/Users/yaminia/.m2/repository/com/amazonaws/aws-java-sdk-ec2/1.11.106/aws-java-sdk-ec2-1.11.106.jar:/Users/yaminia/.m2/repository/com/amazonaws/aws-java-sdk-dynamodb/1.11.106/aws-java-sdk-dynamodb-1.11.106.jar:/Users/yaminia/.m2/repository/com/amazonaws/aws-java-sdk-sns/1.11.106/aws-java-sdk-sns-1.11.106.jar:/Users/yaminia/.m2/repository/com/amazonaws/aws-java-sdk-budgets/1.11.106/aws-java-sdk-budgets-1.11.106.jar:/Users/yaminia/.m2/repository/com/amazonaws/aws-java-sdk-cloudtrail/1.11.106/aws-java-sdk-cloudtrail-1.11.106.jar:/Users/yaminia/.m2/repository/com/amazonaws/aws-java-sdk-cloudwatch/1.11.106/aws-java-sdk-cloudwatch-1.11.106.jar:/Users/yaminia/.m2/repository/com/amazonaws/aws-java-sdk-logs/1.11.106/aws-java-sdk-logs-1.11.106.jar:/Users/yaminia/.m2/repository/com/amazonaws/aws-java-sdk-events/1.11.106/aws-java-sdk-events-1.11.106.jar:/Users/yaminia/.m2/repository/com/amazonaws/aws-java-sdk-cognitoidentity/1.11.106/aws-java-sdk-cognitoidentity-1.11.106.jar:/Users/yaminia/.m2/repository/com/amazonaws/aws-java-sdk-cognitosync/1.11.106/aws-java-sdk-cognitosync-1.11.106.jar:/Users/yaminia/.m2/repository/com/amazonaws/aws-java-sdk-directconnect/1.11.106/aws-java-sdk-directconnect-1.11.106.jar:/Users/yaminia/.m2/repository/com/amazonaws/aws-java-sdk-cloudformation/1.11.106/aws-java-sdk-cloudformation-1.11.106.jar:/Users/yaminia/.m2/repository/com/amazonaws/aws-java-sdk-cloudfront/1.11.106/aws-java-sdk-cloudfront-1.11.106.jar:/Users/yaminia/.m2/repository/com/amazonaws/aws-java-sdk-clouddirectory/1.11.106/aws-java-sdk-clouddirectory-1.11.106.jar:/Users/yaminia/.m2/repository/com/amazonaws/aws-java-sdk-kinesis/1.11.106/aws-java-sdk-kinesis-1.11.106.jar:/Users/yaminia/.m2/repository/com/amazonaws/aws-java-sdk-opsworks/1.11.106/aws-java-sdk-opsworks-1.11.106.jar:/Users/yaminia/.m2/repository/com/amazonaws/aws-java-sdk-ses/1.11.106/aws-java-sdk-ses-1.11.106.jar:/Users/yaminia/.m2/repository/com/amazonaws/aws-java-sdk-autoscaling/1.11.106/aws-java-sdk-autoscaling-1.11.106.jar:/Users/yaminia/.m2/repository/com/amazonaws/aws-java-sdk-cloudsearch/1.11.106/aws-java-sdk-cloudsearch-1.11.106.jar:/Users/yaminia/.m2/repository/com/amazonaws/aws-java-sdk-cloudwatchmetrics/1.11.106/aws-java-sdk-cloudwatchmetrics-1.11.106.jar:/Users/yaminia/.m2/repository/com/amazonaws/aws-java-sdk-codedeploy/1.11.106/aws-java-sdk-codedeploy-1.11.106.jar:/Users/yaminia/.m2/repository/com/amazonaws/aws-java-sdk-codepipeline/1.11.106/aws-java-sdk-codepipeline-1.11.106.jar:/Users/yaminia/.m2/repository/com/amazonaws/aws-java-sdk-kms/1.11.106/aws-java-sdk-kms-1.11.106.jar:/Users/yaminia/.m2/repository/com/amazonaws/aws-java-sdk-config/1.11.106/aws-java-sdk-config-1.11.106.jar:/Users/yaminia/.m2/repository/com/amazonaws/aws-java-sdk-lambda/1.11.106/aws-java-sdk-lambda-1.11.106.jar:/Users/yaminia/.m2/repository/com/amazonaws/aws-java-sdk-ecs/1.11.106/aws-java-sdk-ecs-1.11.106.jar:/Users/yaminia/.m2/repository/com/amazonaws/aws-java-sdk-ecr/1.11.106/aws-java-sdk-ecr-1.11.106.jar:/Users/yaminia/.m2/repository/com/amazonaws/aws-java-sdk-cloudhsm/1.11.106/aws-java-sdk-cloudhsm-1.11.106.jar:/Users/yaminia/.m2/repository/com/amazonaws/aws-java-sdk-ssm/1.11.106/aws-java-sdk-ssm-1.11.106.jar:/Users/yaminia/.m2/repository/com/amazonaws/aws-java-sdk-workspaces/1.11.106/aws-java-sdk-workspaces-1.11.106.jar:/Users/yaminia/.m2/repository/com/amazonaws/aws-java-sdk-machinelearning/1.11.106/aws-java-sdk-machinelearning-1.11.106.jar:/Users/yaminia/.m2/repository/com/amazonaws/aws-java-sdk-directory/1.11.106/aws-java-sdk-directory-1.11.106.jar:/Users/yaminia/.m2/repository/com/amazonaws/aws-java-sdk-efs/1.11.106/aws-java-sdk-efs-1.11.106.jar:/Users/yaminia/.m2/repository/com/amazonaws/aws-java-sdk-codecommit/1.11.106/aws-java-sdk-codecommit-1.11.106.jar:/Users/yaminia/.m2/repository/com/amazonaws/aws-java-sdk-devicefarm/1.11.106/aws-java-sdk-devicefarm-1.11.106.jar:/Users/yaminia/.m2/repository/com/amazonaws/aws-java-sdk-elasticsearch/1.11.106/aws-java-sdk-elasticsearch-1.11.106.jar:/Users/yaminia/.m2/repository/com/amazonaws/aws-java-sdk-waf/1.11.106/aws-java-sdk-waf-1.11.106.jar:/Users/yaminia/.m2/repository/com/amazonaws/aws-java-sdk-marketplacecommerceanalytics/1.11.106/aws-java-sdk-marketplacecommerceanalytics-1.11.106.jar:/Users/yaminia/.m2/repository/com/amazonaws/aws-java-sdk-inspector/1.11.106/aws-java-sdk-inspector-1.11.106.jar:/Users/yaminia/.m2/repository/com/amazonaws/aws-java-sdk-iot/1.11.106/aws-java-sdk-iot-1.11.106.jar:/Users/yaminia/.m2/repository/com/amazonaws/aws-java-sdk-api-gateway/1.11.106/aws-java-sdk-api-gateway-1.11.106.jar:/Users/yaminia/.m2/repository/com/amazonaws/aws-java-sdk-acm/1.11.106/aws-java-sdk-acm-1.11.106.jar:/Users/yaminia/.m2/repository/com/amazonaws/aws-java-sdk-gamelift/1.11.106/aws-java-sdk-gamelift-1.11.106.jar:/Users/yaminia/.m2/repository/com/amazonaws/aws-java-sdk-dms/1.11.106/aws-java-sdk-dms-1.11.106.jar:/Users/yaminia/.m2/repository/com/amazonaws/aws-java-sdk-marketplacemeteringservice/1.11.106/aws-java-sdk-marketplacemeteringservice-1.11.106.jar:/Users/yaminia/.m2/repository/com/amazonaws/aws-java-sdk-cognitoidp/1.11.106/aws-java-sdk-cognitoidp-1.11.106.jar:/Users/yaminia/.m2/repository/com/amazonaws/aws-java-sdk-discovery/1.11.106/aws-java-sdk-discovery-1.11.106.jar:/Users/yaminia/.m2/repository/com/amazonaws/aws-java-sdk-applicationautoscaling/1.11.106/aws-java-sdk-applicationautoscaling-1.11.106.jar:/Users/yaminia/.m2/repository/com/amazonaws/aws-java-sdk-snowball/1.11.106/aws-java-sdk-snowball-1.11.106.jar:/Users/yaminia/.m2/repository/com/amazonaws/aws-java-sdk-rekognition/1.11.106/aws-java-sdk-rekognition-1.11.106.jar:/Users/yaminia/.m2/repository/com/amazonaws/aws-java-sdk-polly/1.11.106/aws-java-sdk-polly-1.11.106.jar:/Users/yaminia/.m2/repository/com/amazonaws/aws-java-sdk-lightsail/1.11.106/aws-java-sdk-lightsail-1.11.106.jar:/Users/yaminia/.m2/repository/com/amazonaws/aws-java-sdk-stepfunctions/1.11.106/aws-java-sdk-stepfunctions-1.11.106.jar:/Users/yaminia/.m2/repository/com/jayway/jsonpath/json-path/2.2.0/json-path-2.2.0.jar:/Users/yaminia/.m2/repository/org/slf4j/slf4j-api/1.7.16/slf4j-api-1.7.16.jar:/Users/yaminia/.m2/repository/com/amazonaws/aws-java-sdk-health/1.11.106/aws-java-sdk-health-1.11.106.jar:/Users/yaminia/.m2/repository/com/amazonaws/aws-java-sdk-costandusagereport/1.11.106/aws-java-sdk-costandusagereport-1.11.106.jar:/Users/yaminia/.m2/repository/com/amazonaws/aws-java-sdk-codebuild/1.11.106/aws-java-sdk-codebuild-1.11.106.jar:/Users/yaminia/.m2/repository/com/amazonaws/aws-java-sdk-appstream/1.11.106/aws-java-sdk-appstream-1.11.106.jar:/Users/yaminia/.m2/repository/com/amazonaws/aws-java-sdk-shield/1.11.106/aws-java-sdk-shield-1.11.106.jar:/Users/yaminia/.m2/repository/com/amazonaws/aws-java-sdk-batch/1.11.106/aws-java-sdk-batch-1.11.106.jar:/Users/yaminia/.m2/repository/com/amazonaws/aws-java-sdk-lex/1.11.106/aws-java-sdk-lex-1.11.106.jar:/Users/yaminia/.m2/repository/com/amazonaws/aws-java-sdk-mechanicalturkrequester/1.11.106/aws-java-sdk-mechanicalturkrequester-1.11.106.jar:/Users/yaminia/.m2/repository/com/amazonaws/aws-java-sdk-organizations/1.11.106/aws-java-sdk-organizations-1.11.106.jar:/Users/yaminia/.m2/repository/com/amazonaws/aws-java-sdk-workdocs/1.11.106/aws-java-sdk-workdocs-1.11.106.jar:/Users/yaminia/.m2/repository/com/amazonaws/aws-java-sdk-core/1.11.106/aws-java-sdk-core-1.11.106.jar:/Users/yaminia/.m2/repository/commons-logging/commons-logging/1.1.3/commons-logging-1.1.3.jar:/Users/yaminia/.m2/repository/org/apache/httpcomponents/httpclient/4.5.2/httpclient-4.5.2.jar:/Users/yaminia/.m2/repository/org/apache/httpcomponents/httpcore/4.4.4/httpcore-4.4.4.jar:/Users/yaminia/.m2/repository/commons-codec/commons-codec/1.9/commons-codec-1.9.jar:/Users/yaminia/.m2/repository/software/amazon/ion/ion-java/1.0.2/ion-java-1.0.2.jar:/Users/yaminia/.m2/repository/com/fasterxml/jackson/core/jackson-databind/2.6.6/jackson-databind-2.6.6.jar:/Users/yaminia/.m2/repository/com/fasterxml/jackson/core/jackson-annotations/2.6.0/jackson-annotations-2.6.0.jar:/Users/yaminia/.m2/repository/com/fasterxml/jackson/core/jackson-core/2.6.6/jackson-core-2.6.6.jar:/Users/yaminia/.m2/repository/com/fasterxml/jackson/dataformat/jackson-dataformat-cbor/2.6.6/jackson-dataformat-cbor-2.6.6.jar:/Users/yaminia/.m2/repository/joda-time/joda-time/2.8.1/joda-time-2.8.1.jar:/Users/yaminia/.m2/repository/com/amazonaws/aws-java-sdk-models/1.11.106/aws-java-sdk-models-1.11.106.jar:/Users/yaminia/.m2/repository/com/amazonaws/aws-java-sdk-swf-libraries/1.11.22/aws-java-sdk-swf-libraries-1.11.22.jar:/Users/yaminia/.m2/repository/org/projectlombok/lombok/1.16.16/lombok-1.16.16.jar:/Users/yaminia/.m2/repository/org/apache/commons/commons-text/1.1/commons-text-1.1.jar:/Users/yaminia/.m2/repository/org/apache/commons/commons-lang3/3.5/commons-lang3-3.5.jar:/Users/yaminia/.m2/repository/javax/mail/mail/1.4/mail-1.4.jar:/Users/yaminia/.m2/repository/javax/activation/activation/1.1/activation-1.1.jar:/Users/yaminia/.m2/repository/org/apache/maven/surefire/surefire-testng-utils/2.20.1/surefire-testng-utils-2.20.1.jar:/Users/yaminia/.m2/repository/org/apache/maven/surefire/surefire-grouper/2.20.1/surefire-grouper-2.20.1.jar:"/>
    <property name="sun.cpu.endian" value="little"/>
    <property name="user.home" value="/Users/yaminia"/>
    <property name="user.language" value="en"/>
    <property name="java.specification.vendor" value="Oracle Corporation"/>
    <property name="java.home" value="/Library/Java/JavaVirtualMachines/jdk1.8.0_152.jdk/Contents/Home/jre"/>
    <property name="basedir" value="/Users/yaminia/TravelWishlist"/>
    <property name="file.separator" value="/"/>
    <property name="line.separator" value="&#10;"/>
    <property name="java.vm.specification.vendor" value="Oracle Corporation"/>
    <property name="java.specification.name" value="Java Platform API Specification"/>
    <property name="java.awt.graphicsenv" value="sun.awt.CGraphicsEnvironment"/>
    <property name="surefire.real.class.path" value="/Users/yaminia/TravelWishlist/target/surefire/surefirebooter6461981410210827185.jar"/>
    <property name="sun.boot.class.path" value="/Library/Java/JavaVirtualMachines/jdk1.8.0_152.jdk/Contents/Home/jre/lib/resources.jar:/Library/Java/JavaVirtualMachines/jdk1.8.0_152.jdk/Contents/Home/jre/lib/rt.jar:/Library/Java/JavaVirtualMachines/jdk1.8.0_152.jdk/Contents/Home/jre/lib/sunrsasign.jar:/Library/Java/JavaVirtualMachines/jdk1.8.0_152.jdk/Contents/Home/jre/lib/jsse.jar:/Library/Java/JavaVirtualMachines/jdk1.8.0_152.jdk/Contents/Home/jre/lib/jce.jar:/Library/Java/JavaVirtualMachines/jdk1.8.0_152.jdk/Contents/Home/jre/lib/charsets.jar:/Library/Java/JavaVirtualMachines/jdk1.8.0_152.jdk/Contents/Home/jre/lib/jfr.jar:/Library/Java/JavaVirtualMachines/jdk1.8.0_152.jdk/Contents/Home/jre/classes"/>
    <property name="sun.management.compiler" value="HotSpot 64-Bit Tiered Compilers"/>
    <property name="java.runtime.version" value="1.8.0_152-b16"/>
    <property name="user.name" value="yaminia"/>
    <property name="path.separator" value=":"/>
    <property name="os.version" value="10.11.6"/>
    <property name="java.endorsed.dirs" value="/Library/Java/JavaVirtualMachines/jdk1.8.0_152.jdk/Contents/Home/jre/lib/endorsed"/>
    <property name="java.runtime.name" value="Java(TM) SE Runtime Environment"/>
    <property name="file.encoding" value="UTF-8"/>
    <property name="java.vm.name" value="Java HotSpot(TM) 64-Bit Server VM"/>
    <property name="localRepository" value="/Users/yaminia/.m2/repository"/>
    <property name="java.vendor.url.bug" value="http://bugreport.sun.com/bugreport/"/>
    <property name="java.io.tmpdir" value="/var/folders/0l/cgxsfrqn1n17kqltfc6dxh902djzq5/T/"/>
    <property name="java.version" value="1.8.0_152"/>
    <property name="user.dir" value="/Users/yaminia/TravelWishlist"/>
    <property name="os.arch" value="x86_64"/>
    <property name="java.vm.specification.name" value="Java Virtual Machine Specification"/>
    <property name="java.awt.printerjob" value="sun.lwawt.macosx.CPrinterJob"/>
    <property name="sun.os.patch.level" value="unknown"/>
    <property name="java.library.path" value="/Users/yaminia/Library/Java/Extensions:/Library/Java/Extensions:/Network/Library/Java/Extensions:/System/Library/Java/Extensions:/usr/lib/java:."/>
    <property name="java.vm.info" value="mixed mode"/>
    <property name="java.vendor" value="Oracle Corporation"/>
    <property name="java.vm.version" value="25.152-b16"/>
    <property name="java.ext.dirs" value="/Users/yaminia/Library/Java/Extensions:/Library/Java/JavaVirtualMachines/jdk1.8.0_152.jdk/Contents/Home/jre/lib/ext:/Library/Java/Extensions:/Network/Library/Java/Extensions:/System/Library/Java/Extensions:/usr/lib/java"/>
    <property name="sun.io.unicode.encoding" value="UnicodeBig"/>
    <property name="java.class.version" value="52.0"/>
  </properties>
  <testcase name="testCreateWishList" classname="wishlist.TestWishListMgr" time="14.992"/>
  <testcase name="testaddToInvalidWishList" classname="wishlist.TestWishListMgr" time="0.854"/>
  <testcase name="testaddToWishList" classname="wishlist.TestWishListMgr" time="2.968"/>
  <testcase name="testGetWishList" classname="wishlist.TestWishListMgr" time="0.678"/>
  <testcase name="deleteWishList" classname="wishlist.TestWishListMgr" time="1.116"/>
</testsuite>