<?xml version="1.0" encoding="UTF-8" ?>
<testsuite tests="20" failures="0" name="TestSuite" time="36.549" errors="0" skipped="0">
  <properties>
    <property name="java.runtime.name" value="Java(TM) SE Runtime Environment"/>
    <property name="sun.boot.library.path" value="/Library/Java/JavaVirtualMachines/jdk1.8.0_152.jdk/Contents/Home/jre/lib"/>
    <property name="java.vm.version" value="25.152-b16"/>
    <property name="gopherProxySet" value="false"/>
    <property name="java.vm.vendor" value="Oracle Corporation"/>
    <property name="maven.multiModuleProjectDirectory" value="/Users/yaminia/TravelWishlist"/>
    <property name="java.vendor.url" value="http://java.oracle.com/"/>
    <property name="path.separator" value=":"/>
    <property name="guice.disable.misplaced.annotation.check" value="true"/>
    <property name="java.vm.name" value="Java HotSpot(TM) 64-Bit Server VM"/>
    <property name="file.encoding.pkg" value="sun.io"/>
    <property name="user.country" value="US"/>
    <property name="sun.java.launcher" value="SUN_STANDARD"/>
    <property name="sun.os.patch.level" value="unknown"/>
    <property name="java.vm.specification.name" value="Java Virtual Machine Specification"/>
    <property name="user.dir" value="/Users/yaminia/TravelWishlist"/>
    <property name="java.runtime.version" value="1.8.0_152-b16"/>
    <property name="java.awt.graphicsenv" value="sun.awt.CGraphicsEnvironment"/>
    <property name="java.endorsed.dirs" value="/Library/Java/JavaVirtualMachines/jdk1.8.0_152.jdk/Contents/Home/jre/lib/endorsed"/>
    <property name="os.arch" value="x86_64"/>
    <property name="java.io.tmpdir" value="/var/folders/0l/cgxsfrqn1n17kqltfc6dxh902djzq5/T/"/>
    <property name="line.separator" value="
"/>
    <property name="java.vm.specification.vendor" value="Oracle Corporation"/>
    <property name="os.name" value="Mac OS X"/>
    <property name="classworlds.conf" value="/Users/yaminia/Downloads/apache-maven-3.5.2/bin/m2.conf"/>
    <property name="sun.jnu.encoding" value="UTF-8"/>
    <property name="java.library.path" value="/Users/yaminia/Library/Java/Extensions:/Library/Java/Extensions:/Network/Library/Java/Extensions:/System/Library/Java/Extensions:/usr/lib/java:."/>
    <property name="maven.conf" value="/Users/yaminia/Downloads/apache-maven-3.5.2/conf"/>
    <property name="java.specification.name" value="Java Platform API Specification"/>
    <property name="java.class.version" value="52.0"/>
    <property name="sun.management.compiler" value="HotSpot 64-Bit Tiered Compilers"/>
    <property name="os.version" value="10.11.6"/>
    <property name="library.jansi.path" value="/Users/yaminia/Downloads/apache-maven-3.5.2/lib/jansi-native"/>
    <property name="user.home" value="/Users/yaminia"/>
    <property name="user.timezone" value="Asia/Kolkata"/>
    <property name="java.awt.printerjob" value="sun.lwawt.macosx.CPrinterJob"/>
    <property name="java.specification.version" value="1.8"/>
    <property name="file.encoding" value="UTF-8"/>
    <property name="user.name" value="yaminia"/>
    <property name="java.class.path" value="/Users/yaminia/Downloads/apache-maven-3.5.2/boot/plexus-classworlds-2.5.2.jar"/>
    <property name="java.vm.specification.version" value="1.8"/>
    <property name="sun.arch.data.model" value="64"/>
    <property name="java.home" value="/Library/Java/JavaVirtualMachines/jdk1.8.0_152.jdk/Contents/Home/jre"/>
    <property name="sun.java.command" value="org.codehaus.plexus.classworlds.launcher.Launcher test"/>
    <property name="java.specification.vendor" value="Oracle Corporation"/>
    <property name="user.language" value="en"/>
    <property name="awt.toolkit" value="sun.lwawt.macosx.LWCToolkit"/>
    <property name="java.vm.info" value="mixed mode"/>
    <property name="java.version" value="1.8.0_152"/>
    <property name="java.ext.dirs" value="/Users/yaminia/Library/Java/Extensions:/Library/Java/JavaVirtualMachines/jdk1.8.0_152.jdk/Contents/Home/jre/lib/ext:/Library/Java/Extensions:/Network/Library/Java/Extensions:/System/Library/Java/Extensions:/usr/lib/java"/>
    <property name="sun.boot.class.path" value="/Library/Java/JavaVirtualMachines/jdk1.8.0_152.jdk/Contents/Home/jre/lib/resources.jar:/Library/Java/JavaVirtualMachines/jdk1.8.0_152.jdk/Contents/Home/jre/lib/rt.jar:/Library/Java/JavaVirtualMachines/jdk1.8.0_152.jdk/Contents/Home/jre/lib/sunrsasign.jar:/Library/Java/JavaVirtualMachines/jdk1.8.0_152.jdk/Contents/Home/jre/lib/jsse.jar:/Library/Java/JavaVirtualMachines/jdk1.8.0_152.jdk/Contents/Home/jre/lib/jce.jar:/Library/Java/JavaVirtualMachines/jdk1.8.0_152.jdk/Contents/Home/jre/lib/charsets.jar:/Library/Java/JavaVirtualMachines/jdk1.8.0_152.jdk/Contents/Home/jre/lib/jfr.jar:/Library/Java/JavaVirtualMachines/jdk1.8.0_152.jdk/Contents/Home/jre/classes"/>
    <property name="java.vendor" value="Oracle Corporation"/>
    <property name="maven.home" value="/Users/yaminia/Downloads/apache-maven-3.5.2"/>
    <property name="file.separator" value="/"/>
    <property name="java.vendor.url.bug" value="http://bugreport.sun.com/bugreport/"/>
    <property name="sun.cpu.endian" value="little"/>
    <property name="sun.io.unicode.encoding" value="UnicodeBig"/>
    <property name="sun.cpu.isalist" value=""/>
  </properties>
  <testcase classname="wishlist.TestWishListMgr" name="testCreateWishList" time="14.66"/>
  <testcase classname="wishlist.TestWishListMgr" name="testaddToInvalidWishList" time="0.784"/>
  <testcase classname="dynamoDB.TestDynamoDbClient" name="getUserById" time="0.407"/>
  <testcase classname="dynamoDB.TestDynamoDbClient" name="testAmazonDynamoDBClientCreation" time="0.001"/>
  <testcase classname="dynamoDB.TestDynamoDbClient" name="testLocationDetailsPersistance" time="0.324"/>
  <testcase classname="dynamoDB.TestDynamoDbClient" name="testUserDetailsPersistance" time="1.251"/>
  <testcase classname="dynamoDB.TestDynamoDbClient" name="testWishlistDetailsPersistance" time="7.638"/>
  <testcase classname="wishlist.TestWishListMgr" name="testaddToWishList" time="1.168"/>
  <testcase classname="locationbrowser.TestLocationBrowser" name="testListOfLocsByCountry" time="0.402"/>
  <testcase classname="locationbrowser.TestLocationBrowser" name="testListOfLocsByDistance" time="0.447"/>
  <testcase classname="locationbrowser.TestLocationBrowser" name="testListOfLocsByVotes" time="0.36"/>
  <testcase classname="wishlist.TestWishListMgr" name="testGetWishList" time="0.414"/>
  <testcase classname="locationbrowser.TestLocationPicker" name="testGetAllGlobalLocations" time="3.068"/>
  <testcase classname="locationbrowser.TestLocationPicker" name="testPinPoint" time="0.29"/>
  <testcase classname="locationbrowser.TestLocationPicker" name="testPinPointForInvalidLatLng" time="0.413"/>
  <testcase classname="wishlist.TestWishListMgr" name="deleteWishList" time="0.74"/>
  <testcase classname="locationbrowser.TestVotingManager" name="testVoteForInvalidLocation" time="0.291"/>
  <testcase classname="locationbrowser.TestVotingManager" name="testVoteForInvalidUser" time="0.671"/>
  <testcase classname="locationbrowser.TestVotingManager" name="testVoteForLocation" time="2.27"/>
  <testcase classname="TestEmailNotifier" name="testListOfEmailIds" time="0.95"/>
</testsuite>