<?xml version="1.0" encoding="UTF-8"?>
<!-- Generated by org.testng.reporters.JUnitReportReporter -->
<testsuite skipped="0" hostname="MacBook-Pro" name="locationbrowser.TestVotingManager" tests="3" failures="0" timestamp="05 Nov 2017 09:30:47 GMT" time="3.231" errors="0">
  <testcase name="testVoteForInvalidLocation" time="0.290" classname="locationbrowser.TestVotingManager"/>
  <testcase name="testVoteForLocation" time="2.271" classname="locationbrowser.TestVotingManager"/>
  <testcase name="testVoteForInvalidUser" time="0.670" classname="locationbrowser.TestVotingManager"/>
</testsuite> <!-- locationbrowser.TestVotingManager -->
