<?xml version="1.0" encoding="UTF-8"?>
<!-- Generated by org.testng.reporters.JUnitReportReporter -->
<testsuite skipped="1" hostname="MacBook-Pro" name="dynamoDB.TestDynamoDbClient" tests="6" failures="0" timestamp="05 Nov 2017 07:19:40 GMT" time="5.850" errors="0">
  <testcase name="testLocationDetailsPersistance" time="0.409" classname="dynamoDB.TestDynamoDbClient"/>
  <testcase name="testWishlistDetailsPersistance" time="4.505" classname="dynamoDB.TestDynamoDbClient"/>
  <testcase name="testAmazonDynamoDBClientCreation" time="0.000" classname="dynamoDB.TestDynamoDbClient"/>
  <testcase name="testUserDetailsPersistance" time="0.408" classname="dynamoDB.TestDynamoDbClient"/>
  <testcase name="getUserById" time="0.528" classname="dynamoDB.TestDynamoDbClient"/>
  <testcase name="loadLatLngData" classname="dynamoDB.TestDynamoDbClient">
    <skipped/>
  </testcase> <!-- loadLatLngData -->
</testsuite> <!-- dynamoDB.TestDynamoDbClient -->
