<?xml version="1.0" encoding="UTF-8"?>
<!-- Generated by org.testng.reporters.JUnitReportReporter -->
<testsuite skipped="0" hostname="MacBook-Pro" name="locationbrowser.TestLocationBrowser" tests="3" failures="0" timestamp="05 Nov 2017 07:19:40 GMT" time="1.378" errors="0">
  <testcase name="testListOfLocsByDistance" time="0.446" classname="locationbrowser.TestLocationBrowser"/>
  <testcase name="testListOfLocsByVotes" time="0.405" classname="locationbrowser.TestLocationBrowser"/>
  <testcase name="testListOfLocsByCountry" time="0.527" classname="locationbrowser.TestLocationBrowser"/>
</testsuite> <!-- locationbrowser.TestLocationBrowser -->
