<?xml version="1.0" encoding="UTF-8"?>
<!-- Generated by org.testng.reporters.JUnitReportReporter -->
<testsuite skipped="0" hostname="MacBook-Pro" name="locationbrowser.TestLocationPicker" tests="2" failures="0" timestamp="05 Nov 2017 06:17:49 GMT" time="5.242" errors="0">
  <testcase name="testPinPoint" time="0.442" classname="locationbrowser.TestLocationPicker"/>
  <testcase name="testGetAllGlobalLocations" time="4.800" classname="locationbrowser.TestLocationPicker"/>
</testsuite> <!-- locationbrowser.TestLocationPicker -->
