<?xml version="1.0" encoding="UTF-8"?>
<!-- Generated by org.testng.reporters.JUnitReportReporter -->
<testsuite skipped="1" hostname="MacBook-Pro" name="TestEmailNotifier" tests="2" failures="0" timestamp="05 Nov 2017 09:30:47 GMT" time="0.949" errors="0">
  <testcase name="testListOfEmailIds" time="0.949" classname="TestEmailNotifier"/>
  <testcase name="testEmailNotification" classname="TestEmailNotifier">
    <skipped/>
  </testcase> <!-- testEmailNotification -->
</testsuite> <!-- TestEmailNotifier -->
