<?xml version="1.0" encoding="UTF-8"?>
<!-- Generated by org.testng.reporters.JUnitReportReporter -->
<testsuite skipped="0" hostname="MacBook-Pro" name="locationbrowser.TestLocationPicker" tests="3" failures="0" timestamp="05 Nov 2017 07:19:40 GMT" time="4.701" errors="0">
  <testcase name="testPinPointForInvalidLatLng" time="0.410" classname="locationbrowser.TestLocationPicker"/>
  <testcase name="testGetAllGlobalLocations" time="3.842" classname="locationbrowser.TestLocationPicker"/>
  <testcase name="testPinPoint" time="0.449" classname="locationbrowser.TestLocationPicker"/>
</testsuite> <!-- locationbrowser.TestLocationPicker -->
