<?xml version="1.0" encoding="UTF-8"?>
<!-- Generated by org.testng.reporters.JUnitReportReporter -->
<testsuite skipped="0" hostname="MacBook-Pro" name="wishlist.TestWishListMgr" tests="5" failures="0" timestamp="05 Nov 2017 06:17:49 GMT" time="5.802" errors="0">
  <testcase name="testaddToWishList" time="1.250" classname="wishlist.TestWishListMgr"/>
  <testcase name="testaddToInvalidWishList" time="0.613" classname="wishlist.TestWishListMgr"/>
  <testcase name="deleteWishList" time="0.901" classname="wishlist.TestWishListMgr"/>
  <testcase name="testCreateWishList" time="2.487" classname="wishlist.TestWishListMgr"/>
  <testcase name="testGetWishList" time="0.551" classname="wishlist.TestWishListMgr"/>
</testsuite> <!-- wishlist.TestWishListMgr -->
