<?xml version="1.0" encoding="UTF-8"?>
<!-- Generated by org.testng.reporters.JUnitReportReporter -->
<testsuite skipped="0" hostname="MacBook-Pro" name="locationbrowser.TestVotingManager" tests="3" failures="0" timestamp="05 Nov 2017 07:19:40 GMT" time="3.271" errors="0">
  <testcase name="testVoteForInvalidLocation" time="0.614" classname="locationbrowser.TestVotingManager"/>
  <testcase name="testVoteForLocation" time="1.838" classname="locationbrowser.TestVotingManager"/>
  <testcase name="testVoteForInvalidUser" time="0.819" classname="locationbrowser.TestVotingManager"/>
</testsuite> <!-- locationbrowser.TestVotingManager -->
