<?xml version="1.0" encoding="UTF-8"?>
<!-- Generated by org.testng.reporters.JUnitReportReporter -->
<testsuite skipped="0" hostname="MacBook-Pro" name="locationbrowser.TestLocationBrowser" tests="3" failures="0" timestamp="05 Nov 2017 09:30:47 GMT" time="1.204" errors="0">
  <testcase name="testListOfLocsByDistance" time="0.442" classname="locationbrowser.TestLocationBrowser"/>
  <testcase name="testListOfLocsByVotes" time="0.361" classname="locationbrowser.TestLocationBrowser"/>
  <testcase name="testListOfLocsByCountry" time="0.401" classname="locationbrowser.TestLocationBrowser"/>
</testsuite> <!-- locationbrowser.TestLocationBrowser -->
