<?xml version="1.0" encoding="UTF-8"?>
<!-- Generated by org.testng.reporters.JUnitReportReporter -->
<testsuite skipped="0" hostname="MacBook-Pro" name="locationbrowser.TestLocationPicker" tests="3" failures="0" timestamp="05 Nov 2017 09:30:47 GMT" time="3.773" errors="0">
  <testcase name="testPinPointForInvalidLatLng" time="0.414" classname="locationbrowser.TestLocationPicker"/>
  <testcase name="testGetAllGlobalLocations" time="3.069" classname="locationbrowser.TestLocationPicker"/>
  <testcase name="testPinPoint" time="0.290" classname="locationbrowser.TestLocationPicker"/>
</testsuite> <!-- locationbrowser.TestLocationPicker -->
