<?xml version="1.0" encoding="UTF-8"?>
<!-- Generated by org.testng.reporters.JUnitReportReporter -->
<testsuite skipped="1" hostname="MacBook-Pro" name="dynamoDB.TestDynamoDbClient" tests="6" failures="0" timestamp="05 Nov 2017 09:30:47 GMT" time="9.620" errors="0">
  <testcase name="testLocationDetailsPersistance" time="0.325" classname="dynamoDB.TestDynamoDbClient"/>
  <testcase name="testWishlistDetailsPersistance" time="7.638" classname="dynamoDB.TestDynamoDbClient"/>
  <testcase name="testAmazonDynamoDBClientCreation" time="0.001" classname="dynamoDB.TestDynamoDbClient"/>
  <testcase name="testUserDetailsPersistance" time="1.250" classname="dynamoDB.TestDynamoDbClient"/>
  <testcase name="getUserById" time="0.406" classname="dynamoDB.TestDynamoDbClient"/>
  <testcase name="loadLatLngData" classname="dynamoDB.TestDynamoDbClient">
    <skipped/>
  </testcase> <!-- loadLatLngData -->
</testsuite> <!-- dynamoDB.TestDynamoDbClient -->
