<?xml version="1.0" encoding="UTF-8"?>
<!-- Generated by org.testng.reporters.JUnitReportReporter -->
<testsuite skipped="0" hostname="MacBook-Pro" name="wishlist.TestWishListMgr" tests="5" failures="0" timestamp="05 Nov 2017 07:19:40 GMT" time="6.484" errors="0">
  <testcase name="deleteWishList" time="1.023" classname="wishlist.TestWishListMgr"/>
  <testcase name="testaddToWishList" time="1.285" classname="wishlist.TestWishListMgr"/>
  <testcase name="testCreateWishList" time="3.373" classname="wishlist.TestWishListMgr"/>
  <testcase name="testGetWishList" time="0.415" classname="wishlist.TestWishListMgr"/>
  <testcase name="testaddToInvalidWishList" time="0.388" classname="wishlist.TestWishListMgr"/>
</testsuite> <!-- wishlist.TestWishListMgr -->
