<?xml version="1.0" encoding="UTF-8"?>
<!-- Generated by org.testng.reporters.JUnitReportReporter -->
<testsuite skipped="0" hostname="MacBook-Pro" name="locationbrowser.TestLocationBrowser" tests="3" failures="0" timestamp="05 Nov 2017 06:17:49 GMT" time="1.462" errors="0">
  <testcase name="testListOfLocsByVotes" time="0.372" classname="locationbrowser.TestLocationBrowser"/>
  <testcase name="testListOfLocsByCountry" time="0.647" classname="locationbrowser.TestLocationBrowser"/>
  <testcase name="testListOfLocsByDistance" time="0.443" classname="locationbrowser.TestLocationBrowser"/>
</testsuite> <!-- locationbrowser.TestLocationBrowser -->
