<?xml version="1.0" encoding="UTF-8"?>
<!-- Generated by org.testng.reporters.JUnitReportReporter -->
<testsuite skipped="0" hostname="MacBook-Pro" name="dynamoDB.TestDynamoDbClient" tests="5" failures="0" timestamp="05 Nov 2017 06:17:49 GMT" time="11.064" errors="0">
  <testcase name="testUserDetailsPersistance" time="5.530" classname="dynamoDB.TestDynamoDbClient"/>
  <testcase name="getUserById" time="0.407" classname="dynamoDB.TestDynamoDbClient"/>
  <testcase name="testAmazonDynamoDBClientCreation" time="0.001" classname="dynamoDB.TestDynamoDbClient"/>
  <testcase name="testLocationDetailsPersistance" time="0.407" classname="dynamoDB.TestDynamoDbClient"/>
  <testcase name="testWishlistDetailsPersistance" time="4.719" classname="dynamoDB.TestDynamoDbClient"/>
</testsuite> <!-- dynamoDB.TestDynamoDbClient -->
